[debug] [2026-06-30T18:51:30.853Z] ----------------------------------------------------------------------
[debug] [2026-06-30T18:51:30.856Z] Command:       C:\Program Files\nodejs\node.exe C:\Users\World\AppData\Roaming\npm\node_modules\firebase-tools\lib\bin\firebase.js deploy --only hosting
[debug] [2026-06-30T18:51:30.856Z] CLI Version:   15.20.0
[debug] [2026-06-30T18:51:30.856Z] Platform:      win32
[debug] [2026-06-30T18:51:30.857Z] Node Version:  v26.3.0
[debug] [2026-06-30T18:51:30.857Z] Time:          Wed Jul 01 2026 00:51:30 GMT+0600 (Bangladesh Standard Time)
[debug] [2026-06-30T18:51:30.857Z] ----------------------------------------------------------------------
[debug] 
[debug] [2026-06-30T18:51:36.078Z] > command requires scopes: ["email","openid","https://www.googleapis.com/auth/cloudplatformprojects.readonly","https://www.googleapis.com/auth/firebase","https://www.googleapis.com/auth/cloud-platform"]
[debug] [2026-06-30T18:51:36.078Z] > authorizing via signed-in user (rjtamim154@gmail.com)
[debug] [2026-06-30T18:51:36.078Z] [iam] checking project beauty-elegance-ec88f for permissions ["firebase.projects.get","firebasehosting.sites.update"]
[debug] [2026-06-30T18:51:36.081Z] Checked if tokens are valid: false, expires at: 1782827221844
[debug] [2026-06-30T18:51:36.081Z] Checked if tokens are valid: false, expires at: 1782827221844
[debug] [2026-06-30T18:51:36.081Z] > refreshing access token with scopes: []
[debug] [2026-06-30T18:51:36.083Z] >>> [apiv2][query] POST https://www.googleapis.com/oauth2/v3/token [none]
[debug] [2026-06-30T18:51:36.083Z] >>> [apiv2][body] POST https://www.googleapis.com/oauth2/v3/token [omitted]
[debug] [2026-06-30T18:51:36.390Z] <<< [apiv2][status] POST https://www.googleapis.com/oauth2/v3/token 200
[debug] [2026-06-30T18:51:36.390Z] <<< [apiv2][body] POST https://www.googleapis.com/oauth2/v3/token [omitted]
[debug] [2026-06-30T18:51:36.412Z] >>> [apiv2][query] POST https://cloudresourcemanager.googleapis.com/v1/projects/beauty-elegance-ec88f:testIamPermissions [none]
[debug] [2026-06-30T18:51:36.412Z] >>> [apiv2][(partial)header] POST https://cloudresourcemanager.googleapis.com/v1/projects/beauty-elegance-ec88f:testIamPermissions  x-goog-user-project=beauty-elegance-ec88f
[debug] [2026-06-30T18:51:36.412Z] >>> [apiv2][body] POST https://cloudresourcemanager.googleapis.com/v1/projects/beauty-elegance-ec88f:testIamPermissions {"permissions":["firebase.projects.get","firebasehosting.sites.update"]}
